TN:
SF:operations\user_operation.js
FN:8,signup
FN:21,login
FN:38,refresh_token
FN:54,get_user_detail
FN:67,user_detail_change
FN:77,(anonymous_5)
FN:94,user_delete
FNF:7
FNH:7
FNDA:2,signup
FNDA:3,login
FNDA:2,refresh_token
FNDA:2,get_user_detail
FNDA:3,user_detail_change
FNDA:2,(anonymous_5)
FNDA:3,user_delete
DA:1,1
DA:2,1
DA:3,1
DA:4,1
DA:5,1
DA:6,1
DA:9,2
DA:10,2
DA:11,2
DA:12,1
DA:14,1
DA:15,1
DA:22,3
DA:23,3
DA:24,2
DA:25,2
DA:26,1
DA:27,1
DA:28,1
DA:29,1
DA:30,1
DA:33,1
DA:39,2
DA:40,2
DA:41,2
DA:42,2
DA:43,1
DA:44,1
DA:45,1
DA:46,1
DA:49,1
DA:55,2
DA:56,2
DA:57,1
DA:58,1
DA:59,1
DA:62,1
DA:68,3
DA:69,3
DA:70,3
DA:71,2
DA:72,2
DA:73,2
DA:74,2
DA:75,2
DA:76,2
DA:77,2
DA:78,2
DA:79,1
DA:80,1
DA:85,1
DA:87,2
DA:90,1
DA:95,3
DA:96,3
DA:97,1
DA:98,1
DA:100,2
DA:101,1
DA:105,1
DA:111,1
LF:61
LH:61
BRDA:23,0,0,1
BRDA:23,0,1,2
BRDA:25,1,0,1
BRDA:25,1,1,1
BRDA:42,2,0,1
BRDA:42,2,1,1
BRDA:70,3,0,2
BRDA:70,3,1,1
BRDA:75,4,0,1
BRDA:75,4,1,1
BRDA:96,5,0,1
BRDA:96,5,1,2
BRDA:96,6,0,3
BRDA:96,6,1,2
BRDA:100,7,0,1
BRDA:100,7,1,1
BRF:16
BRH:16
end_of_record
